<?xml version="1.0" encoding="UTF-8"?>
<!-- Generated by org.testng.reporters.JUnitReportReporter -->
<testsuite hostname="DESKTOP-NRLQRJU" failures="0" tests="4" name="com.adactin.testcases.SearchHotelPageTest" time="43.100" errors="0" timestamp="2023-06-19T20:11:10 IST" skipped="0">
  <testcase classname="com.adactin.testcases.SearchHotelPageTest" name="searchHotelPageTitleTest" time="9.866"/>
  <system-out/>
  <testcase classname="com.adactin.testcases.SearchHotelPageTest" name="userNameLabelTest" time="10.237"/>
  <system-out/>
  <testcase classname="com.adactin.testcases.SearchHotelPageTest" name="logoutLinkTest" time="12.389"/>
  <system-out/>
  <testcase classname="com.adactin.testcases.SearchHotelPageTest" name="changePasswordLinkTest" time="10.608"/>
  <system-out/>
</testsuite> <!-- com.adactin.testcases.SearchHotelPageTest -->
