<?xml version="1.0" encoding="UTF-8"?>
<!-- Generated by org.testng.reporters.JUnitReportReporter -->
<testsuite hostname="DESKTOP-NRLQRJU" failures="0" tests="4" name="com.adactin.testcases.LoginPageTest" time="30.026" errors="0" timestamp="2023-06-19T20:11:10 IST" skipped="0">
  <testcase classname="com.adactin.testcases.LoginPageTest" name="registrationLinkTest" time="7.472"/>
  <system-out/>
  <testcase classname="com.adactin.testcases.LoginPageTest" name="adactinLogoTest" time="5.042"/>
  <system-out/>
  <testcase classname="com.adactin.testcases.LoginPageTest" name="loginFuncTest" time="7.990"/>
  <system-out/>
  <testcase classname="com.adactin.testcases.LoginPageTest" name="loginTitleTest" time="9.522"/>
  <system-out/>
</testsuite> <!-- com.adactin.testcases.LoginPageTest -->
