<?xml version="1.0" encoding="UTF-8"?>
<!-- Generated by org.testng.reporters.JUnitReportReporter -->
<testsuite hostname="DESKTOP-NRLQRJU" failures="0" tests="3" name="FirstClass" time="26.248" errors="0" timestamp="2023-06-19T11:51:27 IST" skipped="0">
  <testcase classname="FirstClass" name="googleTitleTest" time="4.919"/>
  <system-out/>
  <testcase classname="FirstClass" name="googleTitleTest" time="4.847"/>
  <system-out/>
  <testcase classname="FirstClass" name="googleLogoTest" time="16.482"/>
  <system-out/>
</testsuite> <!-- FirstClass -->
